<?xml version="1.0" encoding="UTF-8"?>
<!-- Generated by org.testng.reporters.JUnitReportReporter -->
<testsuite name="script.Testdemo" tests="1" time="17.974" ignored="0" failures="0" timestamp="18 Feb 2017 17:45:39 GMT" skipped="0" hostname="Sony-PC" errors="0">
  <testcase name="demo" time="17.974" classname="script.Testdemo"/>
</testsuite> <!-- script.Testdemo -->
